2011300018
2011300025
2011300042
2011300049
2011300052
2011300057
2011300060
2011300061
2011300067
2011300080
2011300084
2011300087
2011300107
2011300109
2011300122
2011300126
2011300137
2011300168
2011300172
2011300217
2011300263
2011300268
2011300270
2011300271
2011300276
2011300277
2011300279
2011300280
2011300281
2011300287
2011300317
2011300319
2011300320
2011300321
2011300323
2011300325
2011300327
2011300330
2011300331
2011300332
2011300333
2011300334
2011300335
2011300336
2011300337
2011300340
2011300396
2011300486
2011300539
2011300581
2011300608
2011300609
2011300611
2011300613
2011300614
2011300616
2011300617
2011300618
2011300619
2011300620
2011300622
2011300625
2011300626
2011300627
2011300628
2011300630
2011300633
2011300639
2011300641
2011300642
2011300646
2011300648
2011300649
2011300650
2011300651
2011300652
2011300654
2011300680
2011300719
2011300783
2011300786
2011300794
2011300917
2011300958
2011300975
2011300988
2011301065
2011301067
2011301068
2011301069
2011301070
2011301072
2011301073
2011301074
2011301077
2011301079
2011301080
2011301081
2011301083
2011301085
2011301086
2011301090
2011301091
2011301092
2011301093
2011301094
2011301095
2011301098
2011301099
2011301100
2011301101
2011301102
2011301103
2011301105
2011301107
2011301111
2011301112
2011301113
2011301114
2011301115
2011301116
2011301117
2011301118
2011301120
2011301121
2011301122
2011301123
2011301124
2011301126
2011301127
2011301128
2011301129
2011301130
2011301131
2011301132
2011301133
2011301134
2011301135
2011301136
2011301139
2011301140
2011301141
2011301142
2011301144
2011301145
2011301146
2011301147
2011301148
2011301149
2011301150
2011301151
2011301152
2011301154
2011301158
2011301159
2011301161
2011301162
2011301164
2011301165
2011301166
2011301167
2011301168
2011301169
2011301174
2011301176
2011301179
2011301181
2011301184
2011301185
2011301186
2011301187
2011301190
2011301191
2011301195
2011301196
2011301201
2011301202
2011301203
2011301207
2011301208
2011301211
2011301214
2011301215
2011301219
2011301220
2011301224
2011301226
2011301227
2011301228
2011301231
2011301235
2011301237
2011301239
2011301241
2011301243
2011301245
2011301247
2011301248
2011301249
2011301251
2011301254
2011301255
2011301258
2011301259
2011301260
2011301262
2011301263
2011301264
2011301265
2011301266
2011301267
2011301268
2011301269
2011301271
2011301272
2011301273
2011301274
2011301275
2011301276
2011301277
2011301278
2011301282
2011301283
2011301285
2011301286
2011301287
2011301291
2011301293
2011301294
2011301296
2011301297
2011301305
2011301306
2011301309
2011301310
2011301311
2011301312
2011301313
2011301314
2011301342
2011301343
2011301344
2011301346
2011301348
2011301353
2011301354
2011301355
2011301356
2011301358
2011301360
2011301362
2011301363
2011301366
2011301368
2011301370
2011301372
2011301373
2011301374
2011301382
2011301383
2011301386
2011301401
2011301407
2011301408
2011301487
2011301492
2011301501
2011301510
2011301514
2011301515
2011301519
2011301541
2011301680
2011301692
2011301742
2011301753
2011301768
2011301906
2011301911
2011302062
2011302064
2011302065
2011302066
2011302067
2011302068
2011302069
2011302070
2011302071
2011302072
2011302073
2011302074
2011302075
2011302076
2011302077
2011302078
2011302079
2011302080
2011302081
2011302082
2011302083
2011302084
2011302085
2011302086
2011302087
2011302088
2011302089
2011302090
2011302091
2011302092
2011302093
2011302094
2011302095
2011302096
2011302097
2011302098
2011302099
2011302100
2011302101
2011302102
2011302103
2011302104
2011302105
2011302106
2011302107
2011302108
2011302109
2011302110
2011302111
2011302112
2011302113
2011302114
2011302115
2011302116
2011302117
2011302118
2011302119
2011302121
2011302122
2011302123
2011302124
2011302125
2011302126
2011302127
2011302128
2011302129
2011302130
2011302131
2011302132
2011302133
2011302134
2011302135
2011302136
2011302137
2011302138
2011302139
2011302140
2011302141
2011302142
2011302143
2011302144
2011302145
2011302146
2011302147
2011302148
2011302149
2011302150
2011302151
2011302153
2011302154
2011302155
2011302156
2011302157
2011302159
2011302160
2011302161
2011302162
2011302163
2011302164
2011302165
2011302166
2011302167
2011302171
2011302173
2011302177
2011302179
2011302185
2011302196
2011302201
2011302203
2011302207
2011302214
2011302215
2011302216
2011302217
2011302220
2011302231
2011302232
2011302235
2011302238
2011302239
2011302249
2011302257
2011302258
2011302279
2011302290
2011302291
2011302292
2011302293
2011302294
2011302295
2011302296
2011302297
2011302298
2011302299
2011302300
2011302301
2011302302
2011302303
2011302304
2011302305
2011302306
2011302307
2011302308
2011302309
2011302310
2011302311
2011302312
2011302313
2011302314
2011302315
2011302316
2011302317
2011302318
2011302319
2011302320
2011302321
2011302322
2011302323
2011302324
2011302325
2011302326
2011302327
2011302328
2011302330
2011302331
2011302332
2011302333
2011302335
2011302336
2011302337
2011302433
2011302448
2011302483
2011302493
2011302527
2011302533
2011302567
2011302693
2011302723
2011302724
2011302730
2011302761
2011303001
2011303002
2011303024
2011303170
2011303202
2011303219
2011303223
2011303226
2011303227
2011303228
2011303229
2011303230
2011303236
2011303241
2011303243
2011303244
2011303245
2011303246
2011303252
2011303254
2011303260
2011303265
2011303273
2011303274
2011303275
2011303276
2011303277
2011303278
2011303279
2011303280
2011303281
2011303282
2011303283
2011303284
2011303285
2011303286
2011303287
2011303288
2011303289
2011303290
2011303291
2011303292
2011303293
2011303294
2011303295
2011303296
2011303297
2011303298
2011303299
2011303301
2011303302
2011303303
2011303304
2011303305
2011303306
2011303307
2011303308
2011303309
2011303317
2011303430
2011303505
2011303636
2011303637
2011303638
2011303639
2011303640
2011303641
2011303642
2011303645
2011303646
2011303647
2011303648
2011303649
2011303650
2011303651
2011303652
2011303654
2011303655
2011303656
2011303657
2011303658
2012300104
2012300275
2012300279
2012300290
2012300335
2012300338
2012300339
2012300343
2012300344
2012300348
2012300381
2012300448
2012300626
2012300627
2012300628
2012300629
2012300632
2012300633
2012300635
2012300636
2012300638
2012300640
2012300642
2012300643
2012300645
2012300646
2012300647
2012300648
2012300649
2012300650
2012300653
2012300654
2012300655
2012300657
2012300658
2012300659
2012300660
2012300662
2012300663
2012300664
2012300665
2012300666
2012300667
2012300861
2012300864
2012301147
2012301149
2012301150
2012301151
2012301152
2012301153
2012301154
2012301156
2012301157
2012301158
2012301159
2012301160
2012301161
2012301162
2012301165
2012301166
2012301169
2012301170
2012301171
2012301172
2012301173
2012301174
2012301175
2012301176
2012301177
2012301178
2012301179
2012301180
2012301181
2012301182
2012301184
2012301185
2012301186
2012301187
2012301188
2012301191
2012301192
2012301193
2012301194
2012301195
2012301196
2012301197
2012301199
2012301200
2012301201
2012301202
2012301205
2012301206
2012301207
2012301209
2012301210
2012301212
2012301213
2012301214
2012301215
2012301216
2012301217
2012301218
2012301219
2012301220
2012301221
2012301222
2012301223
2012301224
2012301226
2012301227
2012301228
2012301229
2012301230
2012301233
2012301234
2012301236
2012301237
2012301238
2012301241
2012301242
2012301243
2012301246
2012301247
2012301249
2012301250
2012301264
2012301274
2012301276
2012301277
2012301278
2012301279
2012301280
2012301281
2012301282
2012301284
2012301285
2012301286
2012301287
2012301288
2012301290
2012301291
2012301292
2012301294
2012301295
2012301297
2012301300
2012301301
2012301302
2012301303
2012301304
2012301305
2012301306
2012301307
2012301308
2012301309
2012301311
2012301312
2012301313
2012301315
2012301316
2012301317
2012301318
2012301319
2012301320
2012301321
2012301323
2012301324
2012301325
2012301326
2012301327
2012301328
2012301329
2012301330
2012301331
2012301333
2012301334
2012301336
2012301338
2012301339
2012301340
2012301341
2012301342
2012301343
2012301344
2012301345
2012301346
2012301348
2012301349
2012301350
2012301351
2012301352
2012301356
2012301357
2012301359
2012301361
2012301362
2012301364
2012301365
2012301369
2012301370
2012301371
2012301372
2012301375
2012301376
2012301392
2012301423
2012301439
2012301456
2012301460
2012301461
2012301462
2012301465
2012301467
2012301474
2012301485
2012301492
2012301494
2012301507
2012301512
2012301513
2012301516
2012301517
2012301519
2012301520
2012301522
2012301526
2012301527
2012301528
2012301529
2012301534
2012301536
2012301540
2012301541
2012301543
2012301545
2012301546
2012301547
2012301548
2012301549
